[0.565s] Invoking command in '/home/lance/work_dir/curb_detection/src/curb_detection': CONDA_PROMPT_MODIFIER=(ros2_curb) PYTHONPATH=/home/lance/work_dir/curb_detection/build/curb_detection/prefix_override:/home/lance/work_dir/curb_detection/install/curb_detection/lib/python3.10/site-packages:${PYTHONPATH} /usr/bin/python3 -W ignore:setup.py install is deprecated setup.py egg_info --egg-base ../../build/curb_detection build --build-base /home/lance/work_dir/curb_detection/build/curb_detection/build install --record /home/lance/work_dir/curb_detection/build/curb_detection/install.log --single-version-externally-managed
[0.723s] running egg_info
[0.734s] writing ../../build/curb_detection/curb_detection.egg-info/PKG-INFO
[0.735s] writing dependency_links to ../../build/curb_detection/curb_detection.egg-info/dependency_links.txt
[0.735s] writing entry points to ../../build/curb_detection/curb_detection.egg-info/entry_points.txt
[0.735s] writing requirements to ../../build/curb_detection/curb_detection.egg-info/requires.txt
[0.743s] writing top-level names to ../../build/curb_detection/curb_detection.egg-info/top_level.txt
[0.766s] reading manifest file '../../build/curb_detection/curb_detection.egg-info/SOURCES.txt'
[0.767s] writing manifest file '../../build/curb_detection/curb_detection.egg-info/SOURCES.txt'
[0.767s] running build
[0.767s] running build_py
[0.767s] copying curb_detection/curb_detector.py -> /home/lance/work_dir/curb_detection/build/curb_detection/build/lib/curb_detection
[0.767s] running install
[0.770s] running install_lib
[0.782s] copying /home/lance/work_dir/curb_detection/build/curb_detection/build/lib/curb_detection/curb_detector.py -> /home/lance/work_dir/curb_detection/install/curb_detection/lib/python3.10/site-packages/curb_detection
[0.782s] byte-compiling /home/lance/work_dir/curb_detection/install/curb_detection/lib/python3.10/site-packages/curb_detection/curb_detector.py to curb_detector.cpython-310.pyc
[0.783s] running install_egg_info
[0.795s] removing '/home/lance/work_dir/curb_detection/install/curb_detection/lib/python3.10/site-packages/curb_detection-0.0.0-py3.10.egg-info' (and everything under it)
[0.795s] Copying ../../build/curb_detection/curb_detection.egg-info to /home/lance/work_dir/curb_detection/install/curb_detection/lib/python3.10/site-packages/curb_detection-0.0.0-py3.10.egg-info
[0.795s] running install_scripts
[0.893s] Installing curb_detector script to /home/lance/work_dir/curb_detection/install/curb_detection/lib/curb_detection
[0.893s] writing list of installed files to '/home/lance/work_dir/curb_detection/build/curb_detection/install.log'
[0.909s] Invoked command in '/home/lance/work_dir/curb_detection/src/curb_detection' returned '0': CONDA_PROMPT_MODIFIER=(ros2_curb) PYTHONPATH=/home/lance/work_dir/curb_detection/build/curb_detection/prefix_override:/home/lance/work_dir/curb_detection/install/curb_detection/lib/python3.10/site-packages:${PYTHONPATH} /usr/bin/python3 -W ignore:setup.py install is deprecated setup.py egg_info --egg-base ../../build/curb_detection build --build-base /home/lance/work_dir/curb_detection/build/curb_detection/build install --record /home/lance/work_dir/curb_detection/build/curb_detection/install.log --single-version-externally-managed
