running egg_info
creating ../../build/curb_detection/curb_detection.egg-info
writing ../../build/curb_detection/curb_detection.egg-info/PKG-INFO
writing dependency_links to ../../build/curb_detection/curb_detection.egg-info/dependency_links.txt
writing entry points to ../../build/curb_detection/curb_detection.egg-info/entry_points.txt
writing requirements to ../../build/curb_detection/curb_detection.egg-info/requires.txt
writing top-level names to ../../build/curb_detection/curb_detection.egg-info/top_level.txt
writing manifest file '../../build/curb_detection/curb_detection.egg-info/SOURCES.txt'
reading manifest file '../../build/curb_detection/curb_detection.egg-info/SOURCES.txt'
writing manifest file '../../build/curb_detection/curb_detection.egg-info/SOURCES.txt'
running build
running build_py
creating /home/lance/work_dir/curb_detection/build/curb_detection/build
creating /home/lance/work_dir/curb_detection/build/curb_detection/build/lib
creating /home/lance/work_dir/curb_detection/build/curb_detection/build/lib/curb_detection
copying curb_detection/curb_detection.py -> /home/lance/work_dir/curb_detection/build/curb_detection/build/lib/curb_detection
running install
running install_lib
creating /home/lance/work_dir/curb_detection/install/curb_detection/lib/python3.10/site-packages/curb_detection
copying /home/lance/work_dir/curb_detection/build/curb_detection/build/lib/curb_detection/curb_detection.py -> /home/lance/work_dir/curb_detection/install/curb_detection/lib/python3.10/site-packages/curb_detection
byte-compiling /home/lance/work_dir/curb_detection/install/curb_detection/lib/python3.10/site-packages/curb_detection/curb_detection.py to curb_detection.cpython-310.pyc
running install_egg_info
Copying ../../build/curb_detection/curb_detection.egg-info to /home/lance/work_dir/curb_detection/install/curb_detection/lib/python3.10/site-packages/curb_detection-0.0.0-py3.10.egg-info
running install_scripts
Installing curb_detector script to /home/lance/work_dir/curb_detection/install/curb_detection/lib/curb_detection
writing list of installed files to '/home/lance/work_dir/curb_detection/build/curb_detection/install.log'
